<?xml version="1.0" encoding="UTF-8"?>
<coverage generated="1699407333069" clover="3.2.0">
  <project timestamp="1699407333069" name="All files">
    <metrics statements="163" coveredstatements="116" conditionals="37" coveredconditionals="13" methods="84" coveredmethods="49" elements="284" coveredelements="178" complexity="0" loc="163" ncloc="163" packages="6" files="21" classes="21"/>
    <package name="src">
      <metrics statements="11" coveredstatements="9" conditionals="6" coveredconditionals="4" methods="6" coveredmethods="4"/>
      <file name="App.tsx" path="/Users/michaelabrams/Desktop/School/Senior/2023FallTeam01-Arts/frontend/src/App.tsx">
        <metrics statements="11" coveredstatements="9" conditionals="6" coveredconditionals="4" methods="6" coveredmethods="4"/>
        <line num="22" count="2" type="stmt"/>
        <line num="23" count="2" type="stmt"/>
        <line num="24" count="2" type="stmt"/>
        <line num="25" count="2" type="stmt"/>
        <line num="27" count="2" type="stmt"/>
        <line num="28" count="1" type="stmt"/>
        <line num="29" count="0" type="stmt"/>
        <line num="32" count="1" type="stmt"/>
        <line num="35" count="1" type="stmt"/>
        <line num="39" count="2" type="stmt"/>
        <line num="44" count="0" type="cond" truecount="3" falsecount="1"/>
      </file>
    </package>
    <package name="src.components">
      <metrics statements="26" coveredstatements="18" conditionals="7" coveredconditionals="0" methods="11" coveredmethods="8"/>
      <file name="Alert.tsx" path="/Users/michaelabrams/Desktop/School/Senior/2023FallTeam01-Arts/frontend/src/components/Alert.tsx">
        <metrics statements="3" coveredstatements="1" conditionals="2" coveredconditionals="0" methods="1" coveredmethods="0"/>
        <line num="4" count="1" type="stmt"/>
        <line num="6" count="0" type="stmt"/>
        <line num="8" count="0" type="stmt"/>
      </file>
      <file name="Modal.tsx" path="/Users/michaelabrams/Desktop/School/Senior/2023FallTeam01-Arts/frontend/src/components/Modal.tsx">
        <metrics statements="6" coveredstatements="6" conditionals="0" coveredconditionals="0" methods="3" coveredmethods="3"/>
        <line num="14" count="3" type="stmt"/>
        <line num="15" count="7" type="stmt"/>
        <line num="24" count="3" type="stmt"/>
        <line num="25" count="7" type="stmt"/>
        <line num="65" count="3" type="stmt"/>
        <line num="66" count="15" type="stmt"/>
      </file>
      <file name="NotFound.tsx" path="/Users/michaelabrams/Desktop/School/Senior/2023FallTeam01-Arts/frontend/src/components/NotFound.tsx">
        <metrics statements="1" coveredstatements="1" conditionals="0" coveredconditionals="0" methods="1" coveredmethods="1"/>
        <line num="5" count="1" type="stmt"/>
      </file>
      <file name="PageContent.tsx" path="/Users/michaelabrams/Desktop/School/Senior/2023FallTeam01-Arts/frontend/src/components/PageContent.tsx">
        <metrics statements="2" coveredstatements="2" conditionals="0" coveredconditionals="0" methods="1" coveredmethods="1"/>
        <line num="8" count="2" type="stmt"/>
        <line num="9" count="3" type="stmt"/>
      </file>
      <file name="ProtectedRoute.tsx" path="/Users/michaelabrams/Desktop/School/Senior/2023FallTeam01-Arts/frontend/src/components/ProtectedRoute.tsx">
        <metrics statements="6" coveredstatements="1" conditionals="5" coveredconditionals="0" methods="1" coveredmethods="0"/>
        <line num="4" count="1" type="cond" truecount="0" falsecount="1"/>
        <line num="6" count="0" type="stmt"/>
        <line num="8" count="0" type="cond" truecount="0" falsecount="4"/>
        <line num="9" count="0" type="stmt"/>
        <line num="10" count="0" type="stmt"/>
        <line num="13" count="0" type="stmt"/>
      </file>
      <file name="UserMenu.tsx" path="/Users/michaelabrams/Desktop/School/Senior/2023FallTeam01-Arts/frontend/src/components/UserMenu.tsx">
        <metrics statements="1" coveredstatements="0" conditionals="0" coveredconditionals="0" methods="1" coveredmethods="0"/>
        <line num="7" count="0" type="stmt"/>
      </file>
      <file name="UtilityBar.tsx" path="/Users/michaelabrams/Desktop/School/Senior/2023FallTeam01-Arts/frontend/src/components/UtilityBar.tsx">
        <metrics statements="7" coveredstatements="7" conditionals="0" coveredconditionals="0" methods="3" coveredmethods="3"/>
        <line num="4" count="2" type="stmt"/>
        <line num="5" count="1" type="stmt"/>
        <line num="6" count="1" type="stmt"/>
        <line num="7" count="1" type="stmt"/>
        <line num="9" count="1" type="stmt"/>
        <line num="10" count="1" type="stmt"/>
        <line num="14" count="2" type="stmt"/>
      </file>
    </package>
    <package name="src.hooks">
      <metrics statements="14" coveredstatements="6" conditionals="0" coveredconditionals="0" methods="8" coveredmethods="4"/>
      <file name="AlertContext.tsx" path="/Users/michaelabrams/Desktop/School/Senior/2023FallTeam01-Arts/frontend/src/hooks/AlertContext.tsx">
        <metrics statements="8" coveredstatements="2" conditionals="0" coveredconditionals="0" methods="4" coveredmethods="1"/>
        <line num="15" count="1" type="stmt"/>
        <line num="17" count="2" type="stmt"/>
        <line num="21" count="0" type="stmt"/>
        <line num="23" count="0" type="stmt"/>
        <line num="24" count="0" type="stmt"/>
        <line num="27" count="0" type="stmt"/>
        <line num="28" count="0" type="stmt"/>
        <line num="31" count="0" type="stmt"/>
      </file>
      <file name="UserContext.tsx" path="/Users/michaelabrams/Desktop/School/Senior/2023FallTeam01-Arts/frontend/src/hooks/UserContext.tsx">
        <metrics statements="6" coveredstatements="4" conditionals="0" coveredconditionals="0" methods="4" coveredmethods="3"/>
        <line num="4" count="2" type="stmt"/>
        <line num="5" count="2" type="stmt"/>
        <line num="8" count="3" type="stmt"/>
        <line num="12" count="2" type="stmt"/>
        <line num="17" count="0" type="stmt"/>
        <line num="19" count="0" type="stmt"/>
      </file>
    </package>
    <package name="src.pages">
      <metrics statements="54" coveredstatements="48" conditionals="6" coveredconditionals="5" methods="27" coveredmethods="23"/>
      <file name="AdminHomePage.tsx" path="/Users/michaelabrams/Desktop/School/Senior/2023FallTeam01-Arts/frontend/src/pages/AdminHomePage.tsx">
        <metrics statements="4" coveredstatements="1" conditionals="0" coveredconditionals="0" methods="2" coveredmethods="0"/>
        <line num="4" count="1" type="stmt"/>
        <line num="6" count="0" type="stmt"/>
        <line num="12" count="0" type="stmt"/>
        <line num="16" count="0" type="stmt"/>
      </file>
      <file name="CoursePage.tsx" path="/Users/michaelabrams/Desktop/School/Senior/2023FallTeam01-Arts/frontend/src/pages/CoursePage.tsx">
        <metrics statements="16" coveredstatements="13" conditionals="4" coveredconditionals="3" methods="10" coveredmethods="8"/>
        <line num="6" count="4" type="stmt"/>
        <line num="8" count="4" type="stmt"/>
        <line num="9" count="4" type="stmt"/>
        <line num="11" count="1" type="stmt"/>
        <line num="23" count="1" type="stmt"/>
        <line num="27" count="1" type="stmt"/>
        <line num="79" count="3" type="stmt"/>
        <line num="92" count="4" type="stmt"/>
        <line num="148" count="2" type="stmt"/>
        <line num="149" count="4" type="stmt"/>
        <line num="151" count="3" type="stmt"/>
        <line num="152" count="3" type="cond" truecount="1" falsecount="1"/>
        <line num="153" count="0" type="stmt"/>
        <line num="158" count="0" type="stmt"/>
        <line num="162" count="0" type="stmt"/>
        <line num="165" count="3" type="stmt"/>
      </file>
      <file name="ProgramPage.tsx" path="/Users/michaelabrams/Desktop/School/Senior/2023FallTeam01-Arts/frontend/src/pages/ProgramPage.tsx">
        <metrics statements="33" coveredstatements="33" conditionals="2" coveredconditionals="2" methods="15" coveredmethods="15"/>
        <line num="8" count="7" type="stmt"/>
        <line num="31" count="41" type="stmt"/>
        <line num="32" count="41" type="stmt"/>
        <line num="34" count="41" type="stmt"/>
        <line num="35" count="41" type="stmt"/>
        <line num="36" count="41" type="stmt"/>
        <line num="37" count="41" type="stmt"/>
        <line num="38" count="41" type="stmt"/>
        <line num="39" count="41" type="stmt"/>
        <line num="41" count="41" type="stmt"/>
        <line num="45" count="32" type="stmt"/>
        <line num="46" count="32" type="stmt"/>
        <line num="47" count="32" type="cond" truecount="2" falsecount="0"/>
        <line num="48" count="8" type="stmt"/>
        <line num="49" count="8" type="stmt"/>
        <line num="53" count="32" type="stmt"/>
        <line num="56" count="3" type="stmt"/>
        <line num="57" count="32" type="stmt"/>
        <line num="58" count="1" type="stmt"/>
        <line num="71" count="3" type="stmt"/>
        <line num="72" count="8" type="stmt"/>
        <line num="80" count="1" type="stmt"/>
        <line num="93" count="10" type="stmt"/>
        <line num="94" count="8" type="stmt"/>
        <line num="95" count="8" type="stmt"/>
        <line num="96" count="8" type="stmt"/>
        <line num="97" count="1" type="stmt"/>
        <line num="98" count="1" type="stmt"/>
        <line num="99" count="1" type="stmt"/>
        <line num="102" count="8" type="stmt"/>
        <line num="116" count="32" type="stmt"/>
        <line num="128" count="3" type="stmt"/>
        <line num="129" count="9" type="stmt"/>
      </file>
      <file name="data.ts" path="/Users/michaelabrams/Desktop/School/Senior/2023FallTeam01-Arts/frontend/src/pages/data.ts">
        <metrics statements="1" coveredstatements="1" conditionals="0" coveredconditionals="0" methods="0" coveredmethods="0"/>
        <line num="3" count="3" type="stmt"/>
      </file>
    </package>
    <package name="src.pages.Authorization">
      <metrics statements="49" coveredstatements="28" conditionals="18" coveredconditionals="4" methods="27" coveredmethods="7"/>
      <file name="AddAdminModal.tsx" path="/Users/michaelabrams/Desktop/School/Senior/2023FallTeam01-Arts/frontend/src/pages/Authorization/AddAdminModal.tsx">
        <metrics statements="16" coveredstatements="11" conditionals="4" coveredconditionals="2" methods="7" coveredmethods="3"/>
        <line num="9" count="2" type="stmt"/>
        <line num="11" count="1" type="stmt"/>
        <line num="12" count="1" type="stmt"/>
        <line num="13" count="1" type="stmt"/>
        <line num="15" count="1" type="stmt"/>
        <line num="16" count="1" type="cond" truecount="1" falsecount="1"/>
        <line num="17" count="1" type="stmt"/>
        <line num="20" count="1" type="stmt"/>
        <line num="21" count="0" type="stmt"/>
        <line num="22" count="0" type="stmt"/>
        <line num="25" count="1" type="stmt"/>
        <line num="26" count="1" type="cond" truecount="1" falsecount="1"/>
        <line num="29" count="1" type="stmt"/>
        <line num="43" count="0" type="stmt"/>
        <line num="47" count="0" type="stmt"/>
        <line num="49" count="0" type="stmt"/>
      </file>
      <file name="AuthorizationPage.tsx" path="/Users/michaelabrams/Desktop/School/Senior/2023FallTeam01-Arts/frontend/src/pages/Authorization/AuthorizationPage.tsx">
        <metrics statements="21" coveredstatements="12" conditionals="8" coveredconditionals="0" methods="13" coveredmethods="3"/>
        <line num="11" count="2" type="stmt"/>
        <line num="13" count="1" type="stmt"/>
        <line num="14" count="1" type="stmt"/>
        <line num="15" count="1" type="stmt"/>
        <line num="16" count="1" type="stmt"/>
        <line num="18" count="1" type="stmt"/>
        <line num="19" count="1" type="stmt"/>
        <line num="20" count="0" type="stmt"/>
        <line num="23" count="0" type="stmt"/>
        <line num="26" count="1" type="stmt"/>
        <line num="27" count="0" type="stmt"/>
        <line num="30" count="0" type="stmt"/>
        <line num="34" count="1" type="stmt"/>
        <line num="35" count="0" type="stmt"/>
        <line num="36" count="0" type="cond" truecount="0" falsecount="4"/>
        <line num="37" count="0" type="cond" truecount="0" falsecount="4"/>
        <line num="41" count="1" type="stmt"/>
        <line num="42" count="1" type="stmt"/>
        <line num="43" count="0" type="stmt"/>
        <line num="52" count="0" type="stmt"/>
        <line num="62" count="1" type="stmt"/>
      </file>
      <file name="EditRoleModal.tsx" path="/Users/michaelabrams/Desktop/School/Senior/2023FallTeam01-Arts/frontend/src/pages/Authorization/EditRoleModal.tsx">
        <metrics statements="12" coveredstatements="5" conditionals="6" coveredconditionals="2" methods="7" coveredmethods="1"/>
        <line num="13" count="2" type="stmt"/>
        <line num="15" count="1" type="stmt"/>
        <line num="17" count="1" type="stmt"/>
        <line num="18" count="0" type="stmt"/>
        <line num="21" count="1" type="stmt"/>
        <line num="22" count="0" type="cond" truecount="0" falsecount="4"/>
        <line num="23" count="0" type="stmt"/>
        <line num="24" count="0" type="stmt"/>
        <line num="27" count="0" type="stmt"/>
        <line num="32" count="1" type="stmt"/>
        <line num="46" count="0" type="cond" truecount="2" falsecount="0"/>
        <line num="47" count="0" type="stmt"/>
      </file>
    </package>
    <package name="src.services">
      <metrics statements="9" coveredstatements="7" conditionals="0" coveredconditionals="0" methods="5" coveredmethods="3"/>
      <file name="administrators-service.tsx" path="/Users/michaelabrams/Desktop/School/Senior/2023FallTeam01-Arts/frontend/src/services/administrators-service.tsx">
        <metrics statements="4" coveredstatements="2" conditionals="0" coveredconditionals="0" methods="3" coveredmethods="1"/>
        <line num="3" count="2" type="stmt"/>
        <line num="7" count="1" type="stmt"/>
        <line num="11" count="0" type="stmt"/>
        <line num="15" count="0" type="stmt"/>
      </file>
      <file name="axios-config.ts" path="/Users/michaelabrams/Desktop/School/Senior/2023FallTeam01-Arts/frontend/src/services/axios-config.ts">
        <metrics statements="1" coveredstatements="1" conditionals="0" coveredconditionals="0" methods="0" coveredmethods="0"/>
        <line num="3" count="2" type="stmt"/>
      </file>
      <file name="roles-service.tsx" path="/Users/michaelabrams/Desktop/School/Senior/2023FallTeam01-Arts/frontend/src/services/roles-service.tsx">
        <metrics statements="2" coveredstatements="2" conditionals="0" coveredconditionals="0" methods="1" coveredmethods="1"/>
        <line num="3" count="2" type="stmt"/>
        <line num="7" count="1" type="stmt"/>
      </file>
      <file name="users-service.tsx" path="/Users/michaelabrams/Desktop/School/Senior/2023FallTeam01-Arts/frontend/src/services/users-service.tsx">
        <metrics statements="2" coveredstatements="2" conditionals="0" coveredconditionals="0" methods="1" coveredmethods="1"/>
        <line num="3" count="1" type="stmt"/>
        <line num="7" count="1" type="stmt"/>
      </file>
    </package>
  </project>
</coverage>
