{"/Users/michaelabrams/Desktop/School/Senior/2023FallTeam01-Arts/frontend/src/App.tsx": {"path":"/Users/michaelabrams/Desktop/School/Senior/2023FallTeam01-Arts/frontend/src/App.tsx","statementMap":{"0":{"start":{"line":22,"column":15},"end":{"line":22,"column":null}},"1":{"start":{"line":23,"column":16},"end":{"line":23,"column":null}},"2":{"start":{"line":24,"column":18},"end":{"line":24,"column":null}},"3":{"start":{"line":25,"column":46},"end":{"line":25,"column":null}},"4":{"start":{"line":27,"column":2},"end":{"line":37,"column":null}},"5":{"start":{"line":28,"column":4},"end":{"line":36,"column":null}},"6":{"start":{"line":29,"column":8},"end":{"line":29,"column":null}},"7":{"start":{"line":32,"column":8},"end":{"line":32,"column":null}},"8":{"start":{"line":35,"column":6},"end":{"line":35,"column":null}},"9":{"start":{"line":39,"column":2},"end":{"line":59,"column":null}},"10":{"start":{"line":44,"column":133},"end":{"line":44,"column":169}}},"fnMap":{"0":{"name":"App","decl":{"start":{"line":20,"column":9},"end":{"line":20,"column":15}},"loc":{"start":{"line":20,"column":15},"end":{"line":61,"column":null}}},"1":{"name":"(anonymous_1)","decl":{"start":{"line":27,"column":18},"end":{"line":27,"column":24}},"loc":{"start":{"line":27,"column":24},"end":{"line":37,"column":3}}},"2":{"name":"(anonymous_2)","decl":{"start":{"line":28,"column":38},"end":{"line":28,"column":39}},"loc":{"start":{"line":28,"column":73},"end":{"line":30,"column":5}}},"3":{"name":"(anonymous_3)","decl":{"start":{"line":31,"column":11},"end":{"line":31,"column":16}},"loc":{"start":{"line":31,"column":16},"end":{"line":33,"column":5}}},"4":{"name":"(anonymous_4)","decl":{"start":{"line":34,"column":13},"end":{"line":34,"column":19}},"loc":{"start":{"line":34,"column":19},"end":{"line":36,"column":5}}},"5":{"name":"(anonymous_5)","decl":{"start":{"line":44,"column":126},"end":{"line":44,"column":127}},"loc":{"start":{"line":44,"column":133},"end":{"line":44,"column":169}}}},"branchMap":{"0":{"loc":{"start":{"line":44,"column":10},"end":{"line":44,"column":null}},"type":"cond-expr","locations":[{"start":{"line":44,"column":27},"end":{"line":44,"column":34}},{"start":{"line":44,"column":34},"end":{"line":44,"column":null}}]},"1":{"loc":{"start":{"line":44,"column":34},"end":{"line":44,"column":null}},"type":"cond-expr","locations":[{"start":{"line":44,"column":41},"end":{"line":44,"column":56}},{"start":{"line":44,"column":56},"end":{"line":44,"column":null}}]},"2":{"loc":{"start":{"line":58,"column":7},"end":{"line":58,"column":null}},"type":"binary-expr","locations":[{"start":{"line":58,"column":7},"end":{"line":58,"column":28}},{"start":{"line":58,"column":28},"end":{"line":58,"column":null}}]}},"s":{"0":2,"1":2,"2":2,"3":2,"4":2,"5":1,"6":0,"7":1,"8":1,"9":2,"10":0},"f":{"0":2,"1":1,"2":0,"3":1,"4":1,"5":0},"b":{"0":[1,1],"1":[0,1],"2":[2,0]}}
,"/Users/michaelabrams/Desktop/School/Senior/2023FallTeam01-Arts/frontend/src/components/Alert.tsx": {"path":"/Users/michaelabrams/Desktop/School/Senior/2023FallTeam01-Arts/frontend/src/components/Alert.tsx","statementMap":{"0":{"start":{"line":4,"column":24},"end":{"line":20,"column":null}},"1":{"start":{"line":6,"column":18},"end":{"line":6,"column":null}},"2":{"start":{"line":8,"column":4},"end":{"line":18,"column":null}}},"fnMap":{"0":{"name":"(anonymous_0)","decl":{"start":{"line":4,"column":24},"end":{"line":4,"column":30}},"loc":{"start":{"line":4,"column":30},"end":{"line":20,"column":null}}}},"branchMap":{"0":{"loc":{"start":{"line":12,"column":21},"end":{"line":12,"column":null}},"type":"binary-expr","locations":[{"start":{"line":12,"column":21},"end":{"line":12,"column":45}},{"start":{"line":12,"column":45},"end":{"line":12,"column":null}}]}},"s":{"0":1,"1":0,"2":0},"f":{"0":0},"b":{"0":[0,0]}}
,"/Users/michaelabrams/Desktop/School/Senior/2023FallTeam01-Arts/frontend/src/components/Modal.tsx": {"path":"/Users/michaelabrams/Desktop/School/Senior/2023FallTeam01-Arts/frontend/src/components/Modal.tsx","statementMap":{"0":{"start":{"line":14,"column":48},"end":{"line":22,"column":null}},"1":{"start":{"line":15,"column":2},"end":{"line":20,"column":null}},"2":{"start":{"line":24,"column":38},"end":{"line":63,"column":null}},"3":{"start":{"line":25,"column":2},"end":{"line":61,"column":null}},"4":{"start":{"line":65,"column":36},"end":{"line":89,"column":null}},"5":{"start":{"line":66,"column":2},"end":{"line":87,"column":null}}},"fnMap":{"0":{"name":"(anonymous_0)","decl":{"start":{"line":14,"column":48},"end":{"line":14,"column":49}},"loc":{"start":{"line":14,"column":84},"end":{"line":22,"column":null}}},"1":{"name":"(anonymous_1)","decl":{"start":{"line":24,"column":38},"end":{"line":24,"column":44}},"loc":{"start":{"line":24,"column":44},"end":{"line":63,"column":null}}},"2":{"name":"(anonymous_2)","decl":{"start":{"line":65,"column":36},"end":{"line":65,"column":37}},"loc":{"start":{"line":65,"column":79},"end":{"line":89,"column":null}}}},"branchMap":{},"s":{"0":3,"1":7,"2":3,"3":7,"4":3,"5":15},"f":{"0":7,"1":7,"2":15},"b":{}}
,"/Users/michaelabrams/Desktop/School/Senior/2023FallTeam01-Arts/frontend/src/components/NotFound.tsx": {"path":"/Users/michaelabrams/Desktop/School/Senior/2023FallTeam01-Arts/frontend/src/components/NotFound.tsx","statementMap":{"0":{"start":{"line":5,"column":4},"end":{"line":5,"column":null}}},"fnMap":{"0":{"name":"NotFound","decl":{"start":{"line":4,"column":9},"end":{"line":4,"column":20}},"loc":{"start":{"line":4,"column":20},"end":{"line":6,"column":null}}}},"branchMap":{},"s":{"0":1},"f":{"0":1},"b":{}}
,"/Users/michaelabrams/Desktop/School/Senior/2023FallTeam01-Arts/frontend/src/components/PageContent.tsx": {"path":"/Users/michaelabrams/Desktop/School/Senior/2023FallTeam01-Arts/frontend/src/components/PageContent.tsx","statementMap":{"0":{"start":{"line":8,"column":41},"end":{"line":13,"column":null}},"1":{"start":{"line":9,"column":2},"end":{"line":13,"column":null}}},"fnMap":{"0":{"name":"(anonymous_0)","decl":{"start":{"line":8,"column":41},"end":{"line":8,"column":42}},"loc":{"start":{"line":9,"column":2},"end":{"line":13,"column":null}}}},"branchMap":{},"s":{"0":2,"1":3},"f":{"0":3},"b":{}}
,"/Users/michaelabrams/Desktop/School/Senior/2023FallTeam01-Arts/frontend/src/components/ProtectedRoute.tsx": {"path":"/Users/michaelabrams/Desktop/School/Senior/2023FallTeam01-Arts/frontend/src/components/ProtectedRoute.tsx","statementMap":{"0":{"start":{"line":4,"column":23},"end":{"line":14,"column":null}},"1":{"start":{"line":6,"column":21},"end":{"line":6,"column":null}},"2":{"start":{"line":8,"column":4},"end":{"line":11,"column":null}},"3":{"start":{"line":9,"column":8},"end":{"line":9,"column":null}},"4":{"start":{"line":10,"column":8},"end":{"line":10,"column":null}},"5":{"start":{"line":13,"column":4},"end":{"line":13,"column":null}}},"fnMap":{"0":{"name":"(anonymous_0)","decl":{"start":{"line":4,"column":23},"end":{"line":4,"column":24}},"loc":{"start":{"line":4,"column":101},"end":{"line":14,"column":null}}}},"branchMap":{"0":{"loc":{"start":{"line":4,"column":32},"end":{"line":4,"column":51}},"type":"default-arg","locations":[{"start":{"line":4,"column":47},"end":{"line":4,"column":51}}]},"1":{"loc":{"start":{"line":8,"column":4},"end":{"line":11,"column":null}},"type":"if","locations":[{"start":{"line":8,"column":4},"end":{"line":11,"column":null}},{"start":{"line":8,"column":4},"end":{"line":11,"column":null}}]},"2":{"loc":{"start":{"line":8,"column":7},"end":{"line":8,"column":51}},"type":"binary-expr","locations":[{"start":{"line":8,"column":7},"end":{"line":8,"column":16}},{"start":{"line":8,"column":16},"end":{"line":8,"column":51}}]}},"s":{"0":1,"1":0,"2":0,"3":0,"4":0,"5":0},"f":{"0":0},"b":{"0":[0],"1":[0,0],"2":[0,0]}}
,"/Users/michaelabrams/Desktop/School/Senior/2023FallTeam01-Arts/frontend/src/components/UserMenu.tsx": {"path":"/Users/michaelabrams/Desktop/School/Senior/2023FallTeam01-Arts/frontend/src/components/UserMenu.tsx","statementMap":{"0":{"start":{"line":7,"column":2},"end":{"line":23,"column":null}}},"fnMap":{"0":{"name":"UserMenu","decl":{"start":{"line":3,"column":9},"end":{"line":3,"column":20}},"loc":{"start":{"line":3,"column":20},"end":{"line":25,"column":null}}}},"branchMap":{},"s":{"0":0},"f":{"0":0},"b":{}}
,"/Users/michaelabrams/Desktop/School/Senior/2023FallTeam01-Arts/frontend/src/components/UtilityBar.tsx": {"path":"/Users/michaelabrams/Desktop/School/Senior/2023FallTeam01-Arts/frontend/src/components/UtilityBar.tsx","statementMap":{"0":{"start":{"line":4,"column":4},"end":{"line":12,"column":null}},"1":{"start":{"line":5,"column":23},"end":{"line":5,"column":null}},"2":{"start":{"line":6,"column":8},"end":{"line":6,"column":null}},"3":{"start":{"line":7,"column":8},"end":{"line":7,"column":null}},"4":{"start":{"line":9,"column":8},"end":{"line":11,"column":null}},"5":{"start":{"line":10,"column":12},"end":{"line":10,"column":null}},"6":{"start":{"line":14,"column":4},"end":{"line":15,"column":null}}},"fnMap":{"0":{"name":"UtilityBar","decl":{"start":{"line":3,"column":9},"end":{"line":3,"column":22}},"loc":{"start":{"line":3,"column":22},"end":{"line":17,"column":null}}},"1":{"name":"(anonymous_1)","decl":{"start":{"line":4,"column":14},"end":{"line":4,"column":20}},"loc":{"start":{"line":4,"column":20},"end":{"line":12,"column":7}}},"2":{"name":"(anonymous_2)","decl":{"start":{"line":9,"column":15},"end":{"line":9,"column":21}},"loc":{"start":{"line":9,"column":21},"end":{"line":11,"column":null}}}},"branchMap":{},"s":{"0":2,"1":1,"2":1,"3":1,"4":1,"5":1,"6":2},"f":{"0":2,"1":1,"2":1},"b":{}}
,"/Users/michaelabrams/Desktop/School/Senior/2023FallTeam01-Arts/frontend/src/hooks/AlertContext.tsx": {"path":"/Users/michaelabrams/Desktop/School/Senior/2023FallTeam01-Arts/frontend/src/hooks/AlertContext.tsx","statementMap":{"0":{"start":{"line":15,"column":21},"end":{"line":15,"column":null}},"1":{"start":{"line":17,"column":29},"end":{"line":17,"column":61}},"2":{"start":{"line":21,"column":30},"end":{"line":21,"column":null}},"3":{"start":{"line":23,"column":22},"end":{"line":25,"column":null}},"4":{"start":{"line":24,"column":8},"end":{"line":24,"column":null}},"5":{"start":{"line":27,"column":22},"end":{"line":29,"column":null}},"6":{"start":{"line":28,"column":8},"end":{"line":28,"column":null}},"7":{"start":{"line":31,"column":4},"end":{"line":34,"column":null}}},"fnMap":{"0":{"name":"useAlert","decl":{"start":{"line":17,"column":16},"end":{"line":17,"column":27}},"loc":{"start":{"line":17,"column":27},"end":{"line":17,"column":null}}},"1":{"name":"AlertProvider","decl":{"start":{"line":20,"column":16},"end":{"line":20,"column":30}},"loc":{"start":{"line":20,"column":56},"end":{"line":36,"column":null}}},"2":{"name":"(anonymous_2)","decl":{"start":{"line":23,"column":22},"end":{"line":23,"column":23}},"loc":{"start":{"line":23,"column":61},"end":{"line":25,"column":null}}},"3":{"name":"(anonymous_3)","decl":{"start":{"line":27,"column":22},"end":{"line":27,"column":28}},"loc":{"start":{"line":27,"column":28},"end":{"line":29,"column":null}}}},"branchMap":{},"s":{"0":1,"1":2,"2":0,"3":0,"4":0,"5":0,"6":0,"7":0},"f":{"0":2,"1":0,"2":0,"3":0},"b":{}}
,"/Users/michaelabrams/Desktop/School/Senior/2023FallTeam01-Arts/frontend/src/hooks/UserContext.tsx": {"path":"/Users/michaelabrams/Desktop/School/Senior/2023FallTeam01-Arts/frontend/src/hooks/UserContext.tsx","statementMap":{"0":{"start":{"line":4,"column":20},"end":{"line":4,"column":null}},"1":{"start":{"line":5,"column":26},"end":{"line":5,"column":null}},"2":{"start":{"line":5,"column":75},"end":{"line":5,"column":79}},"3":{"start":{"line":8,"column":4},"end":{"line":8,"column":null}},"4":{"start":{"line":12,"column":4},"end":{"line":12,"column":null}},"5":{"start":{"line":17,"column":28},"end":{"line":17,"column":null}},"6":{"start":{"line":19,"column":4},"end":{"line":24,"column":null}}},"fnMap":{"0":{"name":"(anonymous_0)","decl":{"start":{"line":5,"column":69},"end":{"line":5,"column":75}},"loc":{"start":{"line":5,"column":75},"end":{"line":5,"column":79}}},"1":{"name":"useUser","decl":{"start":{"line":7,"column":16},"end":{"line":7,"column":26}},"loc":{"start":{"line":7,"column":26},"end":{"line":9,"column":null}}},"2":{"name":"useUserUpdate","decl":{"start":{"line":11,"column":16},"end":{"line":11,"column":32}},"loc":{"start":{"line":11,"column":32},"end":{"line":13,"column":null}}},"3":{"name":"UserProvider","decl":{"start":{"line":15,"column":16},"end":{"line":15,"column":29}},"loc":{"start":{"line":15,"column":57},"end":{"line":26,"column":null}}}},"branchMap":{},"s":{"0":2,"1":2,"2":1,"3":3,"4":2,"5":0,"6":0},"f":{"0":1,"1":3,"2":2,"3":0},"b":{}}
,"/Users/michaelabrams/Desktop/School/Senior/2023FallTeam01-Arts/frontend/src/pages/AdminHomePage.tsx": {"path":"/Users/michaelabrams/Desktop/School/Senior/2023FallTeam01-Arts/frontend/src/pages/AdminHomePage.tsx","statementMap":{"0":{"start":{"line":4,"column":33},"end":{"line":31,"column":null}},"1":{"start":{"line":6,"column":18},"end":{"line":10,"column":null}},"2":{"start":{"line":12,"column":4},"end":{"line":29,"column":null}},"3":{"start":{"line":16,"column":20},"end":{"line":25,"column":null}}},"fnMap":{"0":{"name":"(anonymous_0)","decl":{"start":{"line":4,"column":33},"end":{"line":4,"column":39}},"loc":{"start":{"line":4,"column":39},"end":{"line":31,"column":null}}},"1":{"name":"(anonymous_1)","decl":{"start":{"line":15,"column":27},"end":{"line":15,"column":35}},"loc":{"start":{"line":15,"column":35},"end":{"line":27,"column":17}}}},"branchMap":{},"s":{"0":1,"1":0,"2":0,"3":0},"f":{"0":0,"1":0},"b":{}}
,"/Users/michaelabrams/Desktop/School/Senior/2023FallTeam01-Arts/frontend/src/pages/CoursePage.tsx": {"path":"/Users/michaelabrams/Desktop/School/Senior/2023FallTeam01-Arts/frontend/src/pages/CoursePage.tsx","statementMap":{"0":{"start":{"line":6,"column":26},"end":{"line":6,"column":null}},"1":{"start":{"line":8,"column":4},"end":{"line":8,"column":null}},"2":{"start":{"line":9,"column":4},"end":{"line":17,"column":null}},"3":{"start":{"line":11,"column":77},"end":{"line":11,"column":91}},"4":{"start":{"line":23,"column":4},"end":{"line":25,"column":null}},"5":{"start":{"line":27,"column":4},"end":{"line":73,"column":null}},"6":{"start":{"line":79,"column":4},"end":{"line":86,"column":null}},"7":{"start":{"line":92,"column":4},"end":{"line":144,"column":null}},"8":{"start":{"line":148,"column":29},"end":{"line":200,"column":null}},"9":{"start":{"line":149,"column":38},"end":{"line":149,"column":null}},"10":{"start":{"line":151,"column":4},"end":{"line":155,"column":null}},"11":{"start":{"line":152,"column":8},"end":{"line":154,"column":null}},"12":{"start":{"line":153,"column":12},"end":{"line":153,"column":null}},"13":{"start":{"line":158,"column":8},"end":{"line":158,"column":null}},"14":{"start":{"line":162,"column":8},"end":{"line":162,"column":null}},"15":{"start":{"line":165,"column":4},"end":{"line":198,"column":null}}},"fnMap":{"0":{"name":"AddSemesterButton","decl":{"start":{"line":5,"column":9},"end":{"line":5,"column":29}},"loc":{"start":{"line":5,"column":29},"end":{"line":19,"column":null}}},"1":{"name":"(anonymous_1)","decl":{"start":{"line":11,"column":71},"end":{"line":11,"column":77}},"loc":{"start":{"line":11,"column":77},"end":{"line":11,"column":91}}},"2":{"name":"UploadCourse","decl":{"start":{"line":22,"column":9},"end":{"line":22,"column":24}},"loc":{"start":{"line":22,"column":24},"end":{"line":75,"column":null}}},"3":{"name":"(anonymous_3)","decl":{"start":{"line":23,"column":14},"end":{"line":23,"column":20}},"loc":{"start":{"line":23,"column":20},"end":{"line":25,"column":7}}},"4":{"name":"SemesterTab","decl":{"start":{"line":78,"column":9},"end":{"line":78,"column":23}},"loc":{"start":{"line":78,"column":23},"end":{"line":88,"column":null}}},"5":{"name":"CourseTable","decl":{"start":{"line":90,"column":9},"end":{"line":90,"column":21}},"loc":{"start":{"line":90,"column":28},"end":{"line":146,"column":null}}},"6":{"name":"(anonymous_6)","decl":{"start":{"line":148,"column":29},"end":{"line":148,"column":35}},"loc":{"start":{"line":148,"column":35},"end":{"line":200,"column":null}}},"7":{"name":"(anonymous_7)","decl":{"start":{"line":151,"column":14},"end":{"line":151,"column":20}},"loc":{"start":{"line":151,"column":20},"end":{"line":155,"column":7}}},"8":{"name":"handleClick","decl":{"start":{"line":157,"column":13},"end":{"line":157,"column":27}},"loc":{"start":{"line":157,"column":27},"end":{"line":159,"column":null}}},"9":{"name":"handleClose","decl":{"start":{"line":161,"column":13},"end":{"line":161,"column":27}},"loc":{"start":{"line":161,"column":27},"end":{"line":163,"column":null}}}},"branchMap":{"0":{"loc":{"start":{"line":14,"column":13},"end":{"line":15,"column":null}},"type":"binary-expr","locations":[{"start":{"line":14,"column":13},"end":{"line":14,"column":null}},{"start":{"line":15,"column":16},"end":{"line":15,"column":null}}]},"1":{"loc":{"start":{"line":152,"column":8},"end":{"line":154,"column":null}},"type":"if","locations":[{"start":{"line":152,"column":8},"end":{"line":154,"column":null}},{"start":{"line":152,"column":8},"end":{"line":154,"column":null}}]}},"s":{"0":4,"1":4,"2":4,"3":1,"4":1,"5":1,"6":3,"7":4,"8":2,"9":4,"10":3,"11":3,"12":0,"13":0,"14":0,"15":3},"f":{"0":4,"1":1,"2":1,"3":1,"4":3,"5":4,"6":4,"7":3,"8":0,"9":0},"b":{"0":[4,1],"1":[0,3]}}
,"/Users/michaelabrams/Desktop/School/Senior/2023FallTeam01-Arts/frontend/src/pages/ProgramPage.tsx": {"path":"/Users/michaelabrams/Desktop/School/Senior/2023FallTeam01-Arts/frontend/src/pages/ProgramPage.tsx","statementMap":{"0":{"start":{"line":8,"column":2},"end":{"line":12,"column":null}},"1":{"start":{"line":31,"column":19},"end":{"line":31,"column":null}},"2":{"start":{"line":32,"column":17},"end":{"line":32,"column":null}},"3":{"start":{"line":34,"column":23},"end":{"line":34,"column":null}},"4":{"start":{"line":35,"column":18},"end":{"line":35,"column":null}},"5":{"start":{"line":36,"column":16},"end":{"line":36,"column":null}},"6":{"start":{"line":37,"column":20},"end":{"line":37,"column":null}},"7":{"start":{"line":38,"column":15},"end":{"line":38,"column":null}},"8":{"start":{"line":39,"column":24},"end":{"line":39,"column":null}},"9":{"start":{"line":41,"column":2},"end":{"line":41,"column":null}},"10":{"start":{"line":45,"column":12},"end":{"line":45,"column":null}},"11":{"start":{"line":46,"column":19},"end":{"line":46,"column":null}},"12":{"start":{"line":47,"column":2},"end":{"line":51,"column":null}},"13":{"start":{"line":48,"column":4},"end":{"line":50,"column":null}},"14":{"start":{"line":49,"column":6},"end":{"line":49,"column":null}},"15":{"start":{"line":53,"column":2},"end":{"line":53,"column":null}},"16":{"start":{"line":56,"column":116},"end":{"line":69,"column":null}},"17":{"start":{"line":57,"column":2},"end":{"line":67,"column":null}},"18":{"start":{"line":58,"column":23},"end":{"line":58,"column":56}},"19":{"start":{"line":71,"column":85},"end":{"line":90,"column":null}},"20":{"start":{"line":72,"column":2},"end":{"line":89,"column":null}},"21":{"start":{"line":80,"column":10},"end":{"line":85,"column":null}},"22":{"start":{"line":93,"column":37},"end":{"line":93,"column":null}},"23":{"start":{"line":94,"column":28},"end":{"line":94,"column":null}},"24":{"start":{"line":95,"column":34},"end":{"line":95,"column":null}},"25":{"start":{"line":96,"column":33},"end":{"line":100,"column":null}},"26":{"start":{"line":97,"column":4},"end":{"line":97,"column":null}},"27":{"start":{"line":97,"column":31},"end":{"line":97,"column":49}},"28":{"start":{"line":98,"column":4},"end":{"line":98,"column":null}},"29":{"start":{"line":98,"column":24},"end":{"line":98,"column":37}},"30":{"start":{"line":99,"column":4},"end":{"line":99,"column":null}},"31":{"start":{"line":99,"column":30},"end":{"line":99,"column":46}},"32":{"start":{"line":102,"column":2},"end":{"line":124,"column":null}},"33":{"start":{"line":116,"column":14},"end":{"line":117,"column":null}},"34":{"start":{"line":128,"column":30},"end":{"line":137,"column":null}},"35":{"start":{"line":129,"column":2},"end":{"line":135,"column":null}}},"fnMap":{"0":{"name":"TimeTabBar","decl":{"start":{"line":7,"column":9},"end":{"line":7,"column":22}},"loc":{"start":{"line":7,"column":22},"end":{"line":14,"column":null}}},"1":{"name":"convertToShortDate","decl":{"start":{"line":30,"column":9},"end":{"line":30,"column":28}},"loc":{"start":{"line":30,"column":48},"end":{"line":42,"column":null}}},"2":{"name":"listShowingDates","decl":{"start":{"line":44,"column":9},"end":{"line":44,"column":26}},"loc":{"start":{"line":44,"column":47},"end":{"line":54,"column":null}}},"3":{"name":"(anonymous_3)","decl":{"start":{"line":48,"column":35},"end":{"line":48,"column":46}},"loc":{"start":{"line":48,"column":46},"end":{"line":50,"column":5}}},"4":{"name":"(anonymous_4)","decl":{"start":{"line":56,"column":116},"end":{"line":56,"column":117}},"loc":{"start":{"line":56,"column":155},"end":{"line":69,"column":null}}},"5":{"name":"(anonymous_5)","decl":{"start":{"line":58,"column":17},"end":{"line":58,"column":23}},"loc":{"start":{"line":58,"column":23},"end":{"line":58,"column":56}}},"6":{"name":"(anonymous_6)","decl":{"start":{"line":71,"column":85},"end":{"line":71,"column":86}},"loc":{"start":{"line":71,"column":113},"end":{"line":90,"column":null}}},"7":{"name":"(anonymous_7)","decl":{"start":{"line":79,"column":22},"end":{"line":79,"column":23}},"loc":{"start":{"line":79,"column":44},"end":{"line":87,"column":9}}},"8":{"name":"ProgramPreviewTable","decl":{"start":{"line":92,"column":9},"end":{"line":92,"column":31}},"loc":{"start":{"line":92,"column":31},"end":{"line":126,"column":null}}},"9":{"name":"(anonymous_9)","decl":{"start":{"line":96,"column":33},"end":{"line":96,"column":34}},"loc":{"start":{"line":96,"column":59},"end":{"line":100,"column":null}}},"10":{"name":"(anonymous_10)","decl":{"start":{"line":97,"column":17},"end":{"line":97,"column":31}},"loc":{"start":{"line":97,"column":31},"end":{"line":97,"column":49}}},"11":{"name":"(anonymous_11)","decl":{"start":{"line":98,"column":13},"end":{"line":98,"column":14}},"loc":{"start":{"line":98,"column":24},"end":{"line":98,"column":37}}},"12":{"name":"(anonymous_12)","decl":{"start":{"line":99,"column":16},"end":{"line":99,"column":17}},"loc":{"start":{"line":99,"column":30},"end":{"line":99,"column":46}}},"13":{"name":"(anonymous_13)","decl":{"start":{"line":115,"column":29},"end":{"line":115,"column":30}},"loc":{"start":{"line":115,"column":52},"end":{"line":119,"column":13}}},"14":{"name":"(anonymous_14)","decl":{"start":{"line":128,"column":30},"end":{"line":128,"column":36}},"loc":{"start":{"line":128,"column":36},"end":{"line":137,"column":null}}}},"branchMap":{"0":{"loc":{"start":{"line":47,"column":2},"end":{"line":51,"column":null}},"type":"if","locations":[{"start":{"line":47,"column":2},"end":{"line":51,"column":null}},{"start":{"line":47,"column":2},"end":{"line":51,"column":null}}]}},"s":{"0":7,"1":41,"2":41,"3":41,"4":41,"5":41,"6":41,"7":41,"8":41,"9":41,"10":32,"11":32,"12":32,"13":8,"14":8,"15":32,"16":3,"17":32,"18":1,"19":3,"20":8,"21":1,"22":10,"23":8,"24":8,"25":8,"26":1,"27":1,"28":1,"29":1,"30":1,"31":1,"32":8,"33":32,"34":3,"35":9},"f":{"0":7,"1":41,"2":32,"3":8,"4":32,"5":1,"6":8,"7":1,"8":10,"9":1,"10":1,"11":1,"12":1,"13":32,"14":9},"b":{"0":[8,24]}}
,"/Users/michaelabrams/Desktop/School/Senior/2023FallTeam01-Arts/frontend/src/pages/data.ts": {"path":"/Users/michaelabrams/Desktop/School/Senior/2023FallTeam01-Arts/frontend/src/pages/data.ts","statementMap":{"0":{"start":{"line":3,"column":42},"end":{"line":39,"column":null}}},"fnMap":{},"branchMap":{},"s":{"0":3},"f":{},"b":{}}
,"/Users/michaelabrams/Desktop/School/Senior/2023FallTeam01-Arts/frontend/src/pages/Authorization/AddAdminModal.tsx": {"path":"/Users/michaelabrams/Desktop/School/Senior/2023FallTeam01-Arts/frontend/src/pages/Authorization/AddAdminModal.tsx","statementMap":{"0":{"start":{"line":9,"column":52},"end":{"line":62,"column":null}},"1":{"start":{"line":11,"column":34},"end":{"line":11,"column":null}},"2":{"start":{"line":12,"column":28},"end":{"line":12,"column":null}},"3":{"start":{"line":13,"column":38},"end":{"line":13,"column":null}},"4":{"start":{"line":15,"column":4},"end":{"line":18,"column":null}},"5":{"start":{"line":16,"column":8},"end":{"line":17,"column":null}},"6":{"start":{"line":16,"column":41},"end":{"line":16,"column":65}},"7":{"start":{"line":17,"column":15},"end":{"line":17,"column":40}},"8":{"start":{"line":20,"column":29},"end":{"line":23,"column":null}},"9":{"start":{"line":21,"column":8},"end":{"line":21,"column":null}},"10":{"start":{"line":22,"column":8},"end":{"line":22,"column":null}},"11":{"start":{"line":25,"column":24},"end":{"line":27,"column":null}},"12":{"start":{"line":26,"column":8},"end":{"line":26,"column":null}},"13":{"start":{"line":29,"column":4},"end":{"line":60,"column":null}},"14":{"start":{"line":43,"column":80},"end":{"line":43,"column":108}},"15":{"start":{"line":47,"column":118},"end":{"line":47,"column":143}},"16":{"start":{"line":49,"column":59},"end":{"line":49,"column":110}}},"fnMap":{"0":{"name":"(anonymous_0)","decl":{"start":{"line":9,"column":52},"end":{"line":9,"column":53}},"loc":{"start":{"line":9,"column":63},"end":{"line":62,"column":null}}},"1":{"name":"(anonymous_1)","decl":{"start":{"line":15,"column":20},"end":{"line":15,"column":26}},"loc":{"start":{"line":15,"column":26},"end":{"line":18,"column":7}}},"2":{"name":"(anonymous_2)","decl":{"start":{"line":20,"column":29},"end":{"line":20,"column":35}},"loc":{"start":{"line":20,"column":35},"end":{"line":23,"column":null}}},"3":{"name":"(anonymous_3)","decl":{"start":{"line":25,"column":24},"end":{"line":25,"column":25}},"loc":{"start":{"line":25,"column":59},"end":{"line":27,"column":null}}},"4":{"name":"(anonymous_4)","decl":{"start":{"line":43,"column":73},"end":{"line":43,"column":74}},"loc":{"start":{"line":43,"column":80},"end":{"line":43,"column":108}}},"5":{"name":"(anonymous_5)","decl":{"start":{"line":47,"column":111},"end":{"line":47,"column":112}},"loc":{"start":{"line":47,"column":118},"end":{"line":47,"column":143}}},"6":{"name":"(anonymous_6)","decl":{"start":{"line":49,"column":50},"end":{"line":49,"column":58}},"loc":{"start":{"line":49,"column":58},"end":{"line":49,"column":111}}}},"branchMap":{"0":{"loc":{"start":{"line":16,"column":8},"end":{"line":17,"column":null}},"type":"if","locations":[{"start":{"line":16,"column":8},"end":{"line":17,"column":null}},{"start":{"line":17,"column":13},"end":{"line":17,"column":null}}]},"1":{"loc":{"start":{"line":26,"column":15},"end":{"line":26,"column":null}},"type":"binary-expr","locations":[{"start":{"line":26,"column":15},"end":{"line":26,"column":40}},{"start":{"line":26,"column":40},"end":{"line":26,"column":null}}]}},"s":{"0":2,"1":1,"2":1,"3":1,"4":1,"5":1,"6":0,"7":1,"8":1,"9":0,"10":0,"11":1,"12":1,"13":1,"14":0,"15":0,"16":0},"f":{"0":1,"1":1,"2":0,"3":1,"4":0,"5":0,"6":0},"b":{"0":[0,1],"1":[1,0]}}
,"/Users/michaelabrams/Desktop/School/Senior/2023FallTeam01-Arts/frontend/src/pages/Authorization/AuthorizationPage.tsx": {"path":"/Users/michaelabrams/Desktop/School/Senior/2023FallTeam01-Arts/frontend/src/pages/Authorization/AuthorizationPage.tsx","statementMap":{"0":{"start":{"line":11,"column":36},"end":{"line":96,"column":null}},"1":{"start":{"line":13,"column":17},"end":{"line":13,"column":null}},"2":{"start":{"line":14,"column":30},"end":{"line":14,"column":null}},"3":{"start":{"line":15,"column":40},"end":{"line":15,"column":null}},"4":{"start":{"line":16,"column":48},"end":{"line":16,"column":null}},"5":{"start":{"line":18,"column":4},"end":{"line":32,"column":null}},"6":{"start":{"line":19,"column":8},"end":{"line":24,"column":null}},"7":{"start":{"line":20,"column":12},"end":{"line":20,"column":null}},"8":{"start":{"line":23,"column":12},"end":{"line":23,"column":null}},"9":{"start":{"line":26,"column":8},"end":{"line":31,"column":null}},"10":{"start":{"line":27,"column":12},"end":{"line":27,"column":null}},"11":{"start":{"line":30,"column":12},"end":{"line":30,"column":null}},"12":{"start":{"line":34,"column":29},"end":{"line":39,"column":null}},"13":{"start":{"line":35,"column":8},"end":{"line":38,"column":null}},"14":{"start":{"line":36,"column":12},"end":{"line":36,"column":null}},"15":{"start":{"line":36,"column":52},"end":{"line":36,"column":111}},"16":{"start":{"line":36,"column":81},"end":{"line":36,"column":101}},"17":{"start":{"line":37,"column":12},"end":{"line":37,"column":null}},"18":{"start":{"line":37,"column":42},"end":{"line":37,"column":86}},"19":{"start":{"line":41,"column":25},"end":{"line":60,"column":null}},"20":{"start":{"line":42,"column":8},"end":{"line":59,"column":null}},"21":{"start":{"line":43,"column":12},"end":{"line":57,"column":null}},"22":{"start":{"line":52,"column":48},"end":{"line":52,"column":null}},"23":{"start":{"line":62,"column":4},"end":{"line":93,"column":null}}},"fnMap":{"0":{"name":"(anonymous_0)","decl":{"start":{"line":11,"column":36},"end":{"line":11,"column":42}},"loc":{"start":{"line":11,"column":42},"end":{"line":96,"column":null}}},"1":{"name":"(anonymous_1)","decl":{"start":{"line":18,"column":20},"end":{"line":18,"column":26}},"loc":{"start":{"line":18,"column":26},"end":{"line":32,"column":7}}},"2":{"name":"(anonymous_2)","decl":{"start":{"line":19,"column":54},"end":{"line":19,"column":55}},"loc":{"start":{"line":19,"column":91},"end":{"line":21,"column":9}}},"3":{"name":"(anonymous_3)","decl":{"start":{"line":22,"column":15},"end":{"line":22,"column":20}},"loc":{"start":{"line":22,"column":20},"end":{"line":24,"column":9}}},"4":{"name":"(anonymous_4)","decl":{"start":{"line":26,"column":36},"end":{"line":26,"column":37}},"loc":{"start":{"line":26,"column":73},"end":{"line":28,"column":9}}},"5":{"name":"(anonymous_5)","decl":{"start":{"line":29,"column":15},"end":{"line":29,"column":20}},"loc":{"start":{"line":29,"column":20},"end":{"line":31,"column":9}}},"6":{"name":"(anonymous_6)","decl":{"start":{"line":34,"column":29},"end":{"line":34,"column":30}},"loc":{"start":{"line":34,"column":57},"end":{"line":39,"column":null}}},"7":{"name":"(anonymous_7)","decl":{"start":{"line":35,"column":26},"end":{"line":35,"column":27}},"loc":{"start":{"line":35,"column":36},"end":{"line":38,"column":9}}},"8":{"name":"(anonymous_8)","decl":{"start":{"line":36,"column":72},"end":{"line":36,"column":81}},"loc":{"start":{"line":36,"column":81},"end":{"line":36,"column":101}}},"9":{"name":"(anonymous_9)","decl":{"start":{"line":37,"column":29},"end":{"line":37,"column":30}},"loc":{"start":{"line":37,"column":40},"end":{"line":37,"column":87}}},"10":{"name":"(anonymous_10)","decl":{"start":{"line":41,"column":25},"end":{"line":41,"column":31}},"loc":{"start":{"line":41,"column":31},"end":{"line":60,"column":null}}},"11":{"name":"(anonymous_11)","decl":{"start":{"line":42,"column":35},"end":{"line":42,"column":36}},"loc":{"start":{"line":42,"column":46},"end":{"line":59,"column":9}}},"12":{"name":"(anonymous_12)","decl":{"start":{"line":52,"column":41},"end":{"line":52,"column":42}},"loc":{"start":{"line":52,"column":48},"end":{"line":52,"column":null}}}},"branchMap":{"0":{"loc":{"start":{"line":36,"column":12},"end":{"line":36,"column":null}},"type":"if","locations":[{"start":{"line":36,"column":12},"end":{"line":36,"column":null}},{"start":{"line":36,"column":12},"end":{"line":36,"column":null}}]},"1":{"loc":{"start":{"line":36,"column":59},"end":{"line":36,"column":111}},"type":"binary-expr","locations":[{"start":{"line":36,"column":59},"end":{"line":36,"column":106}},{"start":{"line":36,"column":106},"end":{"line":36,"column":111}}]},"2":{"loc":{"start":{"line":37,"column":19},"end":{"line":37,"column":null}},"type":"binary-expr","locations":[{"start":{"line":37,"column":19},"end":{"line":37,"column":92}},{"start":{"line":37,"column":92},"end":{"line":37,"column":null}}]},"3":{"loc":{"start":{"line":37,"column":49},"end":{"line":37,"column":86}},"type":"cond-expr","locations":[{"start":{"line":37,"column":72},"end":{"line":37,"column":79}},{"start":{"line":37,"column":79},"end":{"line":37,"column":86}}]}},"s":{"0":2,"1":1,"2":1,"3":1,"4":1,"5":1,"6":1,"7":0,"8":0,"9":1,"10":0,"11":0,"12":1,"13":0,"14":0,"15":0,"16":0,"17":0,"18":0,"19":1,"20":1,"21":0,"22":0,"23":1},"f":{"0":1,"1":1,"2":0,"3":0,"4":0,"5":0,"6":0,"7":0,"8":0,"9":0,"10":1,"11":0,"12":0},"b":{"0":[0,0],"1":[0,0],"2":[0,0],"3":[0,0]}}
,"/Users/michaelabrams/Desktop/School/Senior/2023FallTeam01-Arts/frontend/src/pages/Authorization/EditRoleModal.tsx": {"path":"/Users/michaelabrams/Desktop/School/Senior/2023FallTeam01-Arts/frontend/src/pages/Authorization/EditRoleModal.tsx","statementMap":{"0":{"start":{"line":13,"column":52},"end":{"line":60,"column":null}},"1":{"start":{"line":15,"column":38},"end":{"line":15,"column":null}},"2":{"start":{"line":17,"column":29},"end":{"line":19,"column":null}},"3":{"start":{"line":18,"column":8},"end":{"line":18,"column":null}},"4":{"start":{"line":21,"column":23},"end":{"line":30,"column":null}},"5":{"start":{"line":22,"column":8},"end":{"line":29,"column":null}},"6":{"start":{"line":23,"column":12},"end":{"line":28,"column":null}},"7":{"start":{"line":24,"column":16},"end":{"line":24,"column":null}},"8":{"start":{"line":27,"column":16},"end":{"line":27,"column":null}},"9":{"start":{"line":32,"column":4},"end":{"line":58,"column":null}},"10":{"start":{"line":46,"column":146},"end":{"line":46,"column":193}},"11":{"start":{"line":47,"column":60},"end":{"line":47,"column":112}}},"fnMap":{"0":{"name":"(anonymous_0)","decl":{"start":{"line":13,"column":52},"end":{"line":13,"column":53}},"loc":{"start":{"line":13,"column":63},"end":{"line":60,"column":null}}},"1":{"name":"(anonymous_1)","decl":{"start":{"line":17,"column":29},"end":{"line":17,"column":35}},"loc":{"start":{"line":17,"column":35},"end":{"line":19,"column":null}}},"2":{"name":"(anonymous_2)","decl":{"start":{"line":21,"column":23},"end":{"line":21,"column":29}},"loc":{"start":{"line":21,"column":29},"end":{"line":30,"column":null}}},"3":{"name":"(anonymous_3)","decl":{"start":{"line":23,"column":88},"end":{"line":23,"column":89}},"loc":{"start":{"line":23,"column":123},"end":{"line":25,"column":13}}},"4":{"name":"(anonymous_4)","decl":{"start":{"line":26,"column":19},"end":{"line":26,"column":24}},"loc":{"start":{"line":26,"column":24},"end":{"line":28,"column":13}}},"5":{"name":"(anonymous_5)","decl":{"start":{"line":46,"column":139},"end":{"line":46,"column":140}},"loc":{"start":{"line":46,"column":146},"end":{"line":46,"column":193}}},"6":{"name":"(anonymous_6)","decl":{"start":{"line":47,"column":50},"end":{"line":47,"column":58}},"loc":{"start":{"line":47,"column":58},"end":{"line":47,"column":113}}}},"branchMap":{"0":{"loc":{"start":{"line":22,"column":8},"end":{"line":29,"column":null}},"type":"if","locations":[{"start":{"line":22,"column":8},"end":{"line":29,"column":null}},{"start":{"line":22,"column":8},"end":{"line":29,"column":null}}]},"1":{"loc":{"start":{"line":22,"column":11},"end":{"line":22,"column":36}},"type":"binary-expr","locations":[{"start":{"line":22,"column":11},"end":{"line":22,"column":25}},{"start":{"line":22,"column":25},"end":{"line":22,"column":36}}]},"2":{"loc":{"start":{"line":46,"column":95},"end":{"line":46,"column":129}},"type":"binary-expr","locations":[{"start":{"line":46,"column":95},"end":{"line":46,"column":108}},{"start":{"line":46,"column":108},"end":{"line":46,"column":129}}]}},"s":{"0":2,"1":1,"2":1,"3":0,"4":1,"5":0,"6":0,"7":0,"8":0,"9":1,"10":0,"11":0},"f":{"0":1,"1":0,"2":0,"3":0,"4":0,"5":0,"6":0},"b":{"0":[0,0],"1":[0,0],"2":[1,1]}}
,"/Users/michaelabrams/Desktop/School/Senior/2023FallTeam01-Arts/frontend/src/services/administrators-service.tsx": {"path":"/Users/michaelabrams/Desktop/School/Senior/2023FallTeam01-Arts/frontend/src/services/administrators-service.tsx","statementMap":{"0":{"start":{"line":3,"column":17},"end":{"line":3,"column":null}},"1":{"start":{"line":7,"column":8},"end":{"line":7,"column":null}},"2":{"start":{"line":11,"column":8},"end":{"line":11,"column":null}},"3":{"start":{"line":15,"column":8},"end":{"line":15,"column":null}}},"fnMap":{"0":{"name":"(anonymous_0)","decl":{"start":{"line":6,"column":4},"end":{"line":6,"column":24}},"loc":{"start":{"line":6,"column":24},"end":{"line":8,"column":null}}},"1":{"name":"(anonymous_1)","decl":{"start":{"line":10,"column":4},"end":{"line":10,"column":24}},"loc":{"start":{"line":10,"column":36},"end":{"line":12,"column":null}}},"2":{"name":"(anonymous_2)","decl":{"start":{"line":14,"column":4},"end":{"line":14,"column":28}},"loc":{"start":{"line":14,"column":56},"end":{"line":16,"column":null}}}},"branchMap":{},"s":{"0":2,"1":1,"2":0,"3":0},"f":{"0":1,"1":0,"2":0},"b":{}}
,"/Users/michaelabrams/Desktop/School/Senior/2023FallTeam01-Arts/frontend/src/services/axios-config.ts": {"path":"/Users/michaelabrams/Desktop/School/Senior/2023FallTeam01-Arts/frontend/src/services/axios-config.ts","statementMap":{"0":{"start":{"line":3,"column":12},"end":{"line":3,"column":null}}},"fnMap":{},"branchMap":{},"s":{"0":2},"f":{},"b":{}}
,"/Users/michaelabrams/Desktop/School/Senior/2023FallTeam01-Arts/frontend/src/services/roles-service.tsx": {"path":"/Users/michaelabrams/Desktop/School/Senior/2023FallTeam01-Arts/frontend/src/services/roles-service.tsx","statementMap":{"0":{"start":{"line":3,"column":17},"end":{"line":3,"column":null}},"1":{"start":{"line":7,"column":8},"end":{"line":7,"column":null}}},"fnMap":{"0":{"name":"(anonymous_0)","decl":{"start":{"line":6,"column":4},"end":{"line":6,"column":15}},"loc":{"start":{"line":6,"column":15},"end":{"line":8,"column":null}}}},"branchMap":{},"s":{"0":2,"1":1},"f":{"0":1},"b":{}}
,"/Users/michaelabrams/Desktop/School/Senior/2023FallTeam01-Arts/frontend/src/services/users-service.tsx": {"path":"/Users/michaelabrams/Desktop/School/Senior/2023FallTeam01-Arts/frontend/src/services/users-service.tsx","statementMap":{"0":{"start":{"line":3,"column":17},"end":{"line":3,"column":null}},"1":{"start":{"line":7,"column":8},"end":{"line":7,"column":null}}},"fnMap":{"0":{"name":"(anonymous_0)","decl":{"start":{"line":6,"column":4},"end":{"line":6,"column":21}},"loc":{"start":{"line":6,"column":21},"end":{"line":8,"column":null}}}},"branchMap":{},"s":{"0":1,"1":1},"f":{"0":1},"b":{}}
}
